BarcodeFromImage/app/build/intermediates/manifest_merge_blame_file/debug/manifest-merger-blame-debug-report.txt
1<?xml version="1.0" encoding="utf-8"?>
2<manifest xmlns:android="http://schemas.android.com/apk/res/android"
3    package="com.vuzix.sample.barcode_from_image"
4    android:versionCode="1"
5    android:versionName="1.0" >
6
7    <uses-sdk
8        android:minSdkVersion="30"
8-->src\main\AndroidManifest.xml
9        android:targetSdkVersion="30" />
9-->src\main\AndroidManifest.xml
10
11    <uses-permission android:name="android.permission.CAMERA" />
11-->src\main\AndroidManifest.xml:5:5-65
11-->src\main\AndroidManifest.xml:5:22-62
12
13    <application
13-->src\main\AndroidManifest.xml:7:5-18:19
14        android:allowBackup="true"
14-->src\main\AndroidManifest.xml:8:9-35
15        android:debuggable="true"
16        android:extractNativeLibs="false"
17        android:label="@string/app_name"
17-->src\main\AndroidManifest.xml:9:9-41
18        android:supportsRtl="true" >
18-->src\main\AndroidManifest.xml:10:9-35
19        <activity android:name="com.vuzix.sample.barcode_from_image.MainActivity" >
19-->src\main\AndroidManifest.xml:11:9-17:20
19-->src\main\AndroidManifest.xml:11:19-47
20            <intent-filter>
20-->src\main\AndroidManifest.xml:12:13-16:29
21                <action android:name="android.intent.action.MAIN" />
21-->src\main\AndroidManifest.xml:13:17-69
21-->src\main\AndroidManifest.xml:13:25-66
22
23                <category android:name="android.intent.category.LAUNCHER" />
23-->src\main\AndroidManifest.xml:15:17-77
23-->src\main\AndroidManifest.xml:15:27-74
24            </intent-filter>
25        </activity>
26    </application>
27
28</manifest>